2014-03-12 14:13:19,998  WARN [main] - ImplicitHighlightingPresenter - Timeout while waiting for `askLoadedTyped` during implicit highlighting.
2014-03-12 14:27:11,873 ERROR [main] - org.scala-ide.sdt.core - org.scala-ide.sdt.core - org.scala-ide.sdt.core - 0 - Error during askOption
scala.reflect.internal.FatalError: Unknown type: <error>, <error> [class scala.reflect.internal.Types$ErrorType$, class scala.reflect.internal.Types$ErrorType$] TypeRef? false
	at scala.reflect.internal.SymbolTable.abort(SymbolTable.scala:49)
	at scala.tools.nsc.Global.abort(Global.scala:254)
	at scala.tools.nsc.backend.icode.TypeKinds$class.toTypeKind(TypeKinds.scala:397)
	at scala.tools.nsc.backend.icode.ICodes.toTypeKind(ICodes.scala:20)
	at scala.tools.nsc.backend.icode.TypeKinds$class.scala$tools$nsc$backend$icode$TypeKinds$$arrayOrClassType(TypeKinds.scala:406)
	at scala.tools.nsc.backend.icode.TypeKinds$$anonfun$primitiveOrClassType$1.apply(TypeKinds.scala:433)
	at scala.tools.nsc.backend.icode.TypeKinds$$anonfun$primitiveOrClassType$1.apply(TypeKinds.scala:433)
	at scala.collection.MapLike$class.getOrElse(MapLike.scala:128)
	at scala.collection.AbstractMap.getOrElse(Map.scala:58)
	at scala.tools.nsc.backend.icode.TypeKinds$class.primitiveOrClassType(TypeKinds.scala:433)
	at scala.tools.nsc.backend.icode.TypeKinds$class.toTypeKind(TypeKinds.scala:383)
	at scala.tools.nsc.backend.icode.ICodes.toTypeKind(ICodes.scala:20)
	at scala.tools.nsc.backend.jvm.GenJVMUtil$BytecodeUtil$class.javaType(GenJVMUtil.scala:100)
	at scala.tools.eclipse.JVMUtils$$anon$1.javaType(JVMUtils.scala:15)
	at scala.tools.eclipse.JVMUtils$class.javaType(JVMUtils.scala:38)
	at scala.tools.eclipse.ScalaPresentationCompiler.javaType(ScalaPresentationCompiler.scala:36)
	at scala.tools.eclipse.javaelements.ScalaJavaMapper$class.mapParamTypeSignature(ScalaJavaMapper.scala:232)
	at scala.tools.eclipse.ScalaPresentationCompiler.mapParamTypeSignature(ScalaPresentationCompiler.scala:36)
	at scala.tools.eclipse.javaelements.ScalaStructureBuilder$StructureBuilderTraverser$DefOwner$$anonfun$16.apply(ScalaStructureBuilder.scala:674)
	at scala.tools.eclipse.javaelements.ScalaStructureBuilder$StructureBuilderTraverser$DefOwner$$anonfun$16.apply(ScalaStructureBuilder.scala:674)
	at scala.collection.TraversableLike$$anonfun$map$1.apply(TraversableLike.scala:244)
	at scala.collection.TraversableLike$$anonfun$map$1.apply(TraversableLike.scala:244)
	at scala.collection.immutable.List.foreach(List.scala:318)
	at scala.collection.TraversableLike$class.map(TraversableLike.scala:244)
	at scala.collection.AbstractTraversable.map(Traversable.scala:105)
	at scala.tools.eclipse.javaelements.ScalaStructureBuilder$StructureBuilderTraverser$DefOwner$class.addDef(ScalaStructureBuilder.scala:674)
	at scala.tools.eclipse.javaelements.ScalaStructureBuilder$StructureBuilderTraverser$Builder.addDef(ScalaStructureBuilder.scala:872)
	at scala.tools.eclipse.javaelements.ScalaStructureBuilder$StructureBuilderTraverser$DefOwner$class.addDef(ScalaStructureBuilder.scala:659)
	at scala.tools.eclipse.javaelements.ScalaStructureBuilder$StructureBuilderTraverser$Builder.addDef(ScalaStructureBuilder.scala:872)
	at scala.tools.eclipse.javaelements.ScalaStructureBuilder$StructureBuilderTraverser$TreeTraverser.traverse(ScalaStructureBuilder.scala:944)
	at scala.tools.eclipse.javaelements.ScalaStructureBuilder$StructureBuilderTraverser$TreeTraverser$$anonfun$traverse$1.apply(ScalaStructureBuilder.scala:951)
	at scala.tools.eclipse.javaelements.ScalaStructureBuilder$StructureBuilderTraverser$TreeTraverser$$anonfun$traverse$1.apply(ScalaStructureBuilder.scala:951)
	at scala.collection.immutable.List.foreach(List.scala:318)
	at scala.tools.eclipse.javaelements.ScalaStructureBuilder$StructureBuilderTraverser$TreeTraverser.traverse(ScalaStructureBuilder.scala:951)
	at scala.tools.eclipse.javaelements.ScalaStructureBuilder$StructureBuilderTraverser$TreeTraverser$$anonfun$traverse$1.apply(ScalaStructureBuilder.scala:951)
	at scala.tools.eclipse.javaelements.ScalaStructureBuilder$StructureBuilderTraverser$TreeTraverser$$anonfun$traverse$1.apply(ScalaStructureBuilder.scala:951)
	at scala.collection.immutable.List.foreach(List.scala:318)
	at scala.tools.eclipse.javaelements.ScalaStructureBuilder$StructureBuilderTraverser$TreeTraverser.traverse(ScalaStructureBuilder.scala:951)
	at scala.tools.eclipse.javaelements.ScalaStructureBuilder$StructureBuilderTraverser$TreeTraverser$$anonfun$traverse$1.apply(ScalaStructureBuilder.scala:951)
	at scala.tools.eclipse.javaelements.ScalaStructureBuilder$StructureBuilderTraverser$TreeTraverser$$anonfun$traverse$1.apply(ScalaStructureBuilder.scala:951)
	at scala.collection.immutable.List.foreach(List.scala:318)
	at scala.tools.eclipse.javaelements.ScalaStructureBuilder$StructureBuilderTraverser$TreeTraverser.traverse(ScalaStructureBuilder.scala:951)
	at scala.tools.eclipse.javaelements.ScalaStructureBuilder$StructureBuilderTraverser.traverse(ScalaStructureBuilder.scala:904)
	at scala.tools.eclipse.javaelements.ScalaCompilationUnit$$anonfun$buildStructure$2$$anonfun$apply$5$$anonfun$apply$1.apply$mcV$sp(ScalaCompilationUnit.scala:89)
	at scala.tools.eclipse.javaelements.ScalaCompilationUnit$$anonfun$buildStructure$2$$anonfun$apply$5$$anonfun$apply$1.apply(ScalaCompilationUnit.scala:88)
	at scala.tools.eclipse.javaelements.ScalaCompilationUnit$$anonfun$buildStructure$2$$anonfun$apply$5$$anonfun$apply$1.apply(ScalaCompilationUnit.scala:88)
	at scala.tools.nsc.util.InterruptReq.execute(InterruptReq.scala:26)
	at scala.tools.nsc.interactive.Global.pollForWork(Global.scala:339)
	at scala.tools.nsc.interactive.PresentationCompilerThread.run(PresentationCompilerThread.scala:22)
2014-03-12 14:41:03,625 ERROR [main] - org.scala-ide.sdt.core - org.scala-ide.sdt.core - org.scala-ide.sdt.core - 0 - Error during askOption
java.lang.StringIndexOutOfBoundsException: String index out of range: -1
	at java.lang.String.substring(Unknown Source)
	at scala.tools.refactoring.common.PimpedTrees$TreeMethodsForPositions.nameString(PimpedTrees.scala:317)
	at scala.tools.refactoring.common.PimpedTrees$TreeMethodsForPositions.namePosition(PimpedTrees.scala:226)
	at scala.tools.eclipse.semantichighlighting.classifier.SafeSymbol$$anonfun$5.apply(SafeSymbol.scala:109)
	at scala.tools.eclipse.semantichighlighting.classifier.SafeSymbol$$anonfun$5.apply(SafeSymbol.scala:109)
	at scala.tools.nsc.util.InterruptReq.execute(InterruptReq.scala:26)
	at scala.tools.nsc.interactive.Global.pollForWork(Global.scala:339)
	at scala.tools.nsc.interactive.PresentationCompilerThread.run(PresentationCompilerThread.scala:22)
2014-03-13 19:21:25,451 ERROR [Worker-2] - System.err - Java Model Exception: Java Model Status [ohte does not exist]
2014-03-13 19:21:25,452 ERROR [Worker-2] - System.err - at org.eclipse.jdt.internal.core.JavaElement.newNotPresentException(JavaElement.java:498)
2014-03-13 19:21:25,452 ERROR [Worker-2] - System.err - at org.eclipse.jdt.internal.core.JavaModelManager.getPerProjectInfoCheckExistence(JavaModelManager.java:2309)
2014-03-13 19:21:25,453 ERROR [Worker-2] - System.err - at org.eclipse.jdt.internal.core.JavaProject.getPerProjectInfo(JavaProject.java:1908)
2014-03-13 19:21:25,453 ERROR [Worker-2] - System.err - at org.eclipse.jdt.internal.core.JavaProject.getRawClasspath(JavaProject.java:1930)
2014-03-13 19:21:25,453 ERROR [Worker-2] - System.err - at scala.tools.eclipse.ClasspathManagement$class.jdkPaths(ClasspathManagement.scala:138)
2014-03-13 19:21:25,453 ERROR [Worker-2] - System.err - at scala.tools.eclipse.ScalaProject.jdkPaths(ScalaProject.scala:80)
2014-03-13 19:21:25,453 ERROR [Worker-2] - System.err - at scala.tools.eclipse.ClasspathManagement$class.scalaClasspath(ClasspathManagement.scala:118)
2014-03-13 19:21:25,453 ERROR [Worker-2] - System.err - at scala.tools.eclipse.ScalaProject.scalaClasspath(ScalaProject.scala:80)
2014-03-13 19:21:25,453 ERROR [Worker-2] - System.err - at scala.tools.eclipse.ScalaProject.setupCompilerClasspath(ScalaProject.scala:514)
2014-03-13 19:21:25,453 ERROR [Worker-2] - System.err - at scala.tools.eclipse.ScalaProject.initializeCompilerSettings(ScalaProject.scala:500)
2014-03-13 19:21:25,453 ERROR [Worker-2] - System.err - at scala.tools.eclipse.ScalaProject$$anon$1.create(ScalaProject.scala:99)
2014-03-13 19:21:25,453 ERROR [Worker-2] - System.err - at scala.tools.eclipse.ScalaProject$$anon$1.create(ScalaProject.scala:95)
2014-03-13 19:21:25,453 ERROR [Worker-2] - System.err - at scala.tools.eclipse.util.Cached$class.apply(Cached.scala:30)
2014-03-13 19:21:25,453 ERROR [Worker-2] - System.err - at scala.tools.eclipse.ScalaProject$$anon$1.apply(ScalaProject.scala:95)
2014-03-13 19:21:25,453 ERROR [Worker-2] - System.err - at scala.tools.eclipse.ScalaProject.withPresentationCompiler(ScalaProject.scala:594)
2014-03-13 19:21:25,453 ERROR [Worker-2] - System.err - at scala.tools.eclipse.ScalaProject.withSourceFile(ScalaProject.scala:603)
2014-03-13 19:21:25,453 ERROR [Worker-2] - System.err - at scala.tools.eclipse.InteractiveCompilationUnit$class.withSourceFile(InteractiveCompilationUnit.scala:66)
2014-03-13 19:21:25,453 ERROR [Worker-2] - System.err - at scala.tools.eclipse.javaelements.ScalaSourceFile.withSourceFile(ScalaSourceFile.scala:69)
2014-03-13 19:21:25,453 ERROR [Worker-2] - System.err - at scala.tools.eclipse.semantichighlighting.Presenter$SemanticHighlightingJob.performSemanticHighlighting(Presenter.scala:145)
2014-03-13 19:21:25,453 ERROR [Worker-2] - System.err - at scala.tools.eclipse.semantichighlighting.Presenter$SemanticHighlightingJob.run(Presenter.scala:114)
2014-03-13 19:21:25,453 ERROR [Worker-2] - System.err - at org.eclipse.core.internal.jobs.Worker.run(Worker.java:53)
2014-03-13 19:21:25,463 ERROR [main] - org.scala-ide.sdt.core - org.scala-ide.sdt.core - org.scala-ide.sdt.core - 0 - Java Model Exception: Java Model Status [ohte does not exist]
2014-03-13 19:22:31,823 ERROR [Worker-0] - System.err - Java Model Exception: Java Model Status [ohte does not exist]
2014-03-13 19:22:31,823 ERROR [Worker-0] - System.err - at org.eclipse.jdt.internal.core.JavaElement.newNotPresentException(JavaElement.java:498)
2014-03-13 19:22:31,824 ERROR [Worker-0] - System.err - at org.eclipse.jdt.internal.core.JavaModelManager.getPerProjectInfoCheckExistence(JavaModelManager.java:2309)
2014-03-13 19:22:31,824 ERROR [Worker-0] - System.err - at org.eclipse.jdt.internal.core.JavaProject.getPerProjectInfo(JavaProject.java:1908)
2014-03-13 19:22:31,824 ERROR [Worker-0] - System.err - at org.eclipse.jdt.internal.core.JavaProject.getRawClasspath(JavaProject.java:1930)
2014-03-13 19:22:31,824 ERROR [Worker-0] - System.err - at scala.tools.eclipse.ClasspathManagement$class.jdkPaths(ClasspathManagement.scala:138)
2014-03-13 19:22:31,824 ERROR [Worker-0] - System.err - at scala.tools.eclipse.ScalaProject.jdkPaths(ScalaProject.scala:80)
2014-03-13 19:22:31,824 ERROR [Worker-0] - System.err - at scala.tools.eclipse.ClasspathManagement$class.scalaClasspath(ClasspathManagement.scala:118)
2014-03-13 19:22:31,824 ERROR [Worker-0] - System.err - at scala.tools.eclipse.ScalaProject.scalaClasspath(ScalaProject.scala:80)
2014-03-13 19:22:31,824 ERROR [Worker-0] - System.err - at scala.tools.eclipse.ScalaProject.setupCompilerClasspath(ScalaProject.scala:514)
2014-03-13 19:22:31,824 ERROR [Worker-0] - System.err - at scala.tools.eclipse.ScalaProject.initializeCompilerSettings(ScalaProject.scala:500)
2014-03-13 19:22:31,824 ERROR [Worker-0] - System.err - at scala.tools.eclipse.ScalaProject$$anon$1.create(ScalaProject.scala:99)
2014-03-13 19:22:31,824 ERROR [Worker-0] - System.err - at scala.tools.eclipse.ScalaProject$$anon$1.create(ScalaProject.scala:95)
2014-03-13 19:22:31,824 ERROR [Worker-0] - System.err - at scala.tools.eclipse.util.Cached$class.apply(Cached.scala:30)
2014-03-13 19:22:31,824 ERROR [Worker-0] - System.err - at scala.tools.eclipse.ScalaProject$$anon$1.apply(ScalaProject.scala:95)
2014-03-13 19:22:31,824 ERROR [Worker-0] - System.err - at scala.tools.eclipse.ScalaProject.withPresentationCompiler(ScalaProject.scala:594)
2014-03-13 19:22:31,824 ERROR [Worker-0] - System.err - at scala.tools.eclipse.ScalaProject.withSourceFile(ScalaProject.scala:603)
2014-03-13 19:22:31,824 ERROR [Worker-0] - System.err - at scala.tools.eclipse.InteractiveCompilationUnit$class.withSourceFile(InteractiveCompilationUnit.scala:66)
2014-03-13 19:22:31,825 ERROR [Worker-0] - System.err - at scala.tools.eclipse.javaelements.ScalaSourceFile.withSourceFile(ScalaSourceFile.scala:69)
2014-03-13 19:22:31,825 ERROR [Worker-0] - System.err - at scala.tools.eclipse.semantichighlighting.Presenter$SemanticHighlightingJob.performSemanticHighlighting(Presenter.scala:145)
2014-03-13 19:22:31,825 ERROR [Worker-0] - System.err - at scala.tools.eclipse.semantichighlighting.Presenter$SemanticHighlightingJob.run(Presenter.scala:114)
2014-03-13 19:22:31,825 ERROR [Worker-0] - System.err - at org.eclipse.core.internal.jobs.Worker.run(Worker.java:53)
2014-03-13 19:22:31,831 ERROR [main] - org.scala-ide.sdt.core - org.scala-ide.sdt.core - org.scala-ide.sdt.core - 0 - Java Model Exception: Java Model Status [ohte does not exist]
